#
# There is insufficient memory for the Java Runtime Environment to continue.
# Native memory allocation (malloc) failed to allocate 1048576 bytes for AllocateHeap
# Possible reasons:
#   The system is out of physical RAM or swap space
#   In 32 bit mode, the process size limit was hit
# Possible solutions:
#   Reduce memory load on the system
#   Increase physical memory or swap space
#   Check if swap backing store is full
#   Use 64 bit Java on a 64 bit OS
#   Decrease Java heap size (-Xmx/-Xms)
#   Decrease number of Java threads
#   Decrease Java thread stack sizes (-Xss)
#   Set larger code cache with -XX:ReservedCodeCacheSize=
# This output file may be truncated or incomplete.
#
#  Out of Memory Error (memory/allocation.inline.hpp:61), pid=8384, tid=0x00000000000021a0
#
# JRE version:  (8.0_121-b13) (build )
# Java VM: Java HotSpot(TM) 64-Bit Server VM (25.121-b13 mixed mode windows-amd64 compressed oops)
# Failed to write core dump. Minidumps are not enabled by default on client versions of Windows
#

---------------  T H R E A D  ---------------

Current thread (0x00000000016bd800):  JavaThread "Unknown thread" [_thread_in_vm, id=8608, stack(0x0000000002e50000,0x0000000002f50000)]

Stack: [0x0000000002e50000,0x0000000002f50000]
[error occurred during error reporting (printing stack bounds), id 0xc0000005]

Native frames: (J=compiled Java code, j=interpreted, Vv=VM code, C=native code)


---------------  P R O C E S S  ---------------

Java Threads: ( => current thread )

Other Threads:

=>0x00000000016bd800 (exited) JavaThread "Unknown thread" [_thread_in_vm, id=8608, stack(0x0000000002e50000,0x0000000002f50000)]

VM state:not at safepoint (normal execution)

VM Mutex/Monitor currently owned by a thread: None

Heap:
 PSYoungGen      total 18944K, used 327K [0x00000000eb380000, 0x00000000ec880000, 0x0000000100000000)
  eden space 16384K, 2% used [0x00000000eb380000,0x00000000eb3d1ec8,0x00000000ec380000)
  from space 2560K, 0% used [0x00000000ec600000,0x00000000ec600000,0x00000000ec880000)
  to   space 2560K, 0% used [0x00000000ec380000,0x00000000ec380000,0x00000000ec600000)
 ParOldGen       total 44032K, used 0K [0x00000000c1a00000, 0x00000000c4500000, 0x00000000eb380000)
  object space 44032K, 0% used [0x00000000c1a00000,0x00000000c1a00000,0x00000000c4500000)
 Metaspace       used 746K, capacity 4480K, committed 4480K, reserved 1056768K
  class space    used 75K, capacity 384K, committed 384K, reserved 1048576K

Card table byte_map: [0x00000000124d0000,0x00000000126d0000] byte_map_base: 0x0000000011ec3000

Marking Bits: (ParMarkBitMap*) 0x000000006978b6d0
 Begin Bits: [0x0000000012c20000, 0x0000000013bb8000)
 End Bits:   [0x0000000013bb8000, 0x0000000014b50000)

Polling page: 0x0000000001630000

CodeCache: size=245760Kb used=328Kb max_used=328Kb free=245431Kb
 bounds [0x0000000003110000, 0x0000000003380000, 0x0000000012110000]
 total_blobs=58 nmethods=0 adapters=38
 compilation: enabled

Compilation events (0 events):
No events

GC Heap History (0 events):
No events

Deoptimization events (0 events):
No events

Internal exceptions (0 events):
No events

Events (10 events):
Event: 0.047 loading class java/lang/Short
Event: 0.047 loading class java/lang/Short done
Event: 0.047 loading class java/lang/Integer
Event: 0.047 loading class java/lang/Integer done
Event: 0.047 loading class java/lang/Long
Event: 0.047 loading class java/lang/Long done
Event: 0.048 loading class java/lang/NullPointerException
Event: 0.048 loading class java/lang/NullPointerException done
Event: 0.048 loading class java/lang/ArithmeticException
Event: 0.048 loading class java/lang/ArithmeticException done


Dynamic libraries:
0x00007ff6b5870000 - 0x00007ff6b58a7000 	C:\Program Files\Java\jre1.8.0_121\bin\javaw.exe
0x00007ffbec6b0000 - 0x00007ffbec881000 	C:\WINDOWS\SYSTEM32\ntdll.dll
0x00007ffbe9dc0000 - 0x00007ffbe9e6b000 	C:\WINDOWS\System32\KERNEL32.DLL
0x00007ffbe8e90000 - 0x00007ffbe90ad000 	C:\WINDOWS\System32\KERNELBASE.dll
0x00007ffbe9e70000 - 0x00007ffbe9f12000 	C:\WINDOWS\System32\ADVAPI32.dll
0x00007ffbea6f0000 - 0x00007ffbea78e000 	C:\WINDOWS\System32\msvcrt.dll
0x00007ffbe9f20000 - 0x00007ffbe9f79000 	C:\WINDOWS\System32\sechost.dll
0x00007ffbec580000 - 0x00007ffbec6a1000 	C:\WINDOWS\System32\RPCRT4.dll
0x00007ffbe9c40000 - 0x00007ffbe9da5000 	C:\WINDOWS\System32\USER32.dll
0x00007ffbe90b0000 - 0x00007ffbe90ce000 	C:\WINDOWS\System32\win32u.dll
0x00007ffbea790000 - 0x00007ffbea7c4000 	C:\WINDOWS\System32\GDI32.dll
0x00007ffbe90d0000 - 0x00007ffbe9252000 	C:\WINDOWS\System32\gdi32full.dll
0x00007ffbd59b0000 - 0x00007ffbd5c29000 	C:\WINDOWS\WinSxS\amd64_microsoft.windows.common-controls_6595b64144ccf1df_6.0.14393.447_none_42191651c6827bb3\COMCTL32.dll
0x00007ffbea0b0000 - 0x00007ffbea378000 	C:\WINDOWS\System32\combase.dll
0x00007ffbe9b40000 - 0x00007ffbe9c35000 	C:\WINDOWS\System32\ucrtbase.dll
0x00007ffbe8dd0000 - 0x00007ffbe8e3a000 	C:\WINDOWS\System32\bcryptPrimitives.dll
0x00007ffbeadc0000 - 0x00007ffbeadee000 	C:\WINDOWS\System32\IMM32.DLL
0x0000000069f70000 - 0x000000006a042000 	C:\Program Files\Java\jre1.8.0_121\bin\msvcr100.dll
0x0000000068f70000 - 0x000000006980b000 	C:\Program Files\Java\jre1.8.0_121\bin\server\jvm.dll
0x00007ffbea8e0000 - 0x00007ffbea8e8000 	C:\WINDOWS\System32\PSAPI.DLL
0x00007ffbe61b0000 - 0x00007ffbe61d3000 	C:\WINDOWS\SYSTEM32\WINMM.dll
0x00007ffbdf160000 - 0x00007ffbdf16a000 	C:\WINDOWS\SYSTEM32\VERSION.dll
0x00007ffbe6180000 - 0x00007ffbe61ab000 	C:\WINDOWS\SYSTEM32\WINMMBASE.dll
0x00007ffbdbb10000 - 0x00007ffbdbb19000 	C:\WINDOWS\SYSTEM32\WSOCK32.dll
0x00007ffbe8e40000 - 0x00007ffbe8e82000 	C:\WINDOWS\System32\cfgmgr32.dll
0x00007ffbe9f80000 - 0x00007ffbe9fea000 	C:\WINDOWS\System32\WS2_32.dll
0x000000006a340000 - 0x000000006a34f000 	C:\Program Files\Java\jre1.8.0_121\bin\verify.dll
0x000000006a0d0000 - 0x000000006a0f9000 	C:\Program Files\Java\jre1.8.0_121\bin\java.dll
0x000000006a320000 - 0x000000006a336000 	C:\Program Files\Java\jre1.8.0_121\bin\zip.dll

VM Arguments:
jvm_args: -Dfile.encoding=Cp1252 
java_command: Ejercicio33.Ejercicio33
java_class_path (initial): C:\Users\JuanManuel\Desktop\CFGS-1DAM\Programación\RepositoriosGit\RelacionIV\bin
Launcher Type: SUN_STANDARD

Environment Variables:
PATH=C:/Program Files/Java/jre1.8.0_121/bin/server;C:/Program Files/Java/jre1.8.0_121/bin;C:/Program Files/Java/jre1.8.0_121/lib/amd64;C:\ProgramData\Oracle\Java\javapath;C:\Program Files (x86)\Intel\iCLS Client\;C:\Program Files\Intel\iCLS Client\;C:\WINDOWS\system32;C:\WINDOWS;C:\WINDOWS\System32\Wbem;C:\WINDOWS\System32\WindowsPowerShell\v1.0\;C:\Program Files (x86)\ATI Technologies\ATI.ACE\Core-Static;C:\Program Files\Intel\Intel(R) Management Engine Components\DAL;C:\Program Files\Intel\Intel(R) Management Engine Components\IPT;C:\Program Files (x86)\Intel\Intel(R) Management Engine Components\DAL;C:\Program Files (x86)\Intel\Intel(R) Management Engine Components\IPT;C:\Users\JuanManuel\.dnx\bin;C:\Program Files\Microsoft DNX\Dnvm\;C:\Program Files\Microsoft SQL Server\120\Tools\Binn\;C:\Program Files (x86)\Windows Kits\10\Windows Performance Toolkit\;C:\Program Files (x86)\nodejs\;C:\Program Files (x86)\Skype\Phone\;C:\Program Files\Microsoft SQL Server\Client SDK\ODBC\110\Tools\Binn\;C:\Program Files (x86)\Microsoft SQL Server\120\Tools\Binn\;C:\Program Files\Microsoft SQL Server\120\DTS\Binn\;C:\Program Files (x86)\Microsoft SQL Server\120\Tools\Binn\ManagementStudio\;C:\Program Files (x86)\Microsoft SQL Server\120\DTS\Binn\;C:\Users\JuanManuel\AppData\Roaming\npm;%USERPROFILE%\AppData\Local\Microsoft\WindowsApps;;C:\Program Files\eclipse;
USERNAME=Juan Manuel
OS=Windows_NT
PROCESSOR_IDENTIFIER=Intel64 Family 6 Model 69 Stepping 1, GenuineIntel



---------------  S Y S T E M  ---------------

OS: Windows 10.0 , 64 bit Build 14393 (10.0.14393.0)

CPU:total 4 (2 cores per cpu, 2 threads per core) family 6 model 69 stepping 1, cmov, cx8, fxsr, mmx, sse, sse2, sse3, ssse3, sse4.1, sse4.2, popcnt, avx, avx2, aes, clmul, erms, lzcnt, ht, tsc, tscinvbit, bmi1, bmi2

Memory: 4k page, physical 4083992k(606832k free), swap 6181144k(4548k free)

vm_info: Java HotSpot(TM) 64-Bit Server VM (25.121-b13) for windows-amd64 JRE (1.8.0_121-b13), built on Dec 12 2016 18:21:36 by "java_re" with MS VC++ 10.0 (VS2010)

time: Thu Jan 26 13:41:16 2017
elapsed time: 0 seconds (0d 0h 0m 0s)

